Determining if the pthread_create exist failed with the following output:
Change Dir: /home/quinn/carlaController/catkin_ws/build/CMakeFiles/CMakeTmp

Run Build Command:/usr/bin/make "cmTryCompileExec1165407020/fast"
/usr/bin/make -f CMakeFiles/cmTryCompileExec1165407020.dir/build.make CMakeFiles/cmTryCompileExec1165407020.dir/build
make[1]: Entering directory `/home/quinn/carlaController/catkin_ws/build/CMakeFiles/CMakeTmp'
/usr/bin/cmake -E cmake_progress_report /home/quinn/carlaController/catkin_ws/build/CMakeFiles/CMakeTmp/CMakeFiles 1
Building C object CMakeFiles/cmTryCompileExec1165407020.dir/CheckSymbolExists.c.o
/usr/bin/cc    -o CMakeFiles/cmTryCompileExec1165407020.dir/CheckSymbolExists.c.o   -c /home/quinn/carlaController/catkin_ws/build/CMakeFiles/CMakeTmp/CheckSymbolExists.c
Linking C executable cmTryCompileExec1165407020
/usr/bin/cmake -E cmake_link_script CMakeFiles/cmTryCompileExec1165407020.dir/link.txt --verbose=1
/usr/bin/cc       CMakeFiles/cmTryCompileExec1165407020.dir/CheckSymbolExists.c.o  -o cmTryCompileExec1165407020 -rdynamic 
CMakeFiles/cmTryCompileExec1165407020.dir/CheckSymbolExists.c.o: In function `main':
CheckSymbolExists.c:(.text+0x16): undefined reference to `pthread_create'
collect2: error: ld returned 1 exit status
make[1]: Leaving directory `/home/quinn/carlaController/catkin_ws/build/CMakeFiles/CMakeTmp'
make[1]: *** [cmTryCompileExec1165407020] Error 1
make: *** [cmTryCompileExec1165407020/fast] Error 2

File /home/quinn/carlaController/catkin_ws/build/CMakeFiles/CMakeTmp/CheckSymbolExists.c:
/* */
#include <pthread.h>

int main(int argc, char** argv)
{
  (void)argv;
#ifndef pthread_create
  return ((int*)(&pthread_create))[argc];
#else
  (void)argc;
  return 0;
#endif
}

Determining if the function pthread_create exists in the pthreads failed with the following output:
Change Dir: /home/quinn/carlaController/catkin_ws/build/CMakeFiles/CMakeTmp

Run Build Command:/usr/bin/make "cmTryCompileExec3722806178/fast"
/usr/bin/make -f CMakeFiles/cmTryCompileExec3722806178.dir/build.make CMakeFiles/cmTryCompileExec3722806178.dir/build
make[1]: Entering directory `/home/quinn/carlaController/catkin_ws/build/CMakeFiles/CMakeTmp'
/usr/bin/cmake -E cmake_progress_report /home/quinn/carlaController/catkin_ws/build/CMakeFiles/CMakeTmp/CMakeFiles 1
Building C object CMakeFiles/cmTryCompileExec3722806178.dir/CheckFunctionExists.c.o
/usr/bin/cc   -DCHECK_FUNCTION_EXISTS=pthread_create   -o CMakeFiles/cmTryCompileExec3722806178.dir/CheckFunctionExists.c.o   -c /usr/share/cmake-2.8/Modules/CheckFunctionExists.c
Linking C executable cmTryCompileExec3722806178
/usr/bin/cmake -E cmake_link_script CMakeFiles/cmTryCompileExec3722806178.dir/link.txt --verbose=1
/usr/bin/cc   -DCHECK_FUNCTION_EXISTS=pthread_create    CMakeFiles/cmTryCompileExec3722806178.dir/CheckFunctionExists.c.o  -o cmTryCompileExec3722806178 -rdynamic -lpthreads 
/usr/bin/ld: cannot find -lpthreads
collect2: error: ld returned 1 exit status
make[1]: Leaving directory `/home/quinn/carlaController/catkin_ws/build/CMakeFiles/CMakeTmp'
make[1]: *** [cmTryCompileExec3722806178] Error 1
make: *** [cmTryCompileExec3722806178/fast] Error 2


